Determining if the pthread_create exist failed with the following output:
Change Dir: /home/nvidia/1-cv-mat/build/CMakeFiles/CMakeTmp

Run Build Command:"/usr/bin/make" "cmTC_e3761/fast"
/usr/bin/make -f CMakeFiles/cmTC_e3761.dir/build.make CMakeFiles/cmTC_e3761.dir/build
make[1]: Entering directory '/home/nvidia/1-cv-mat/build/CMakeFiles/CMakeTmp'
Building C object CMakeFiles/cmTC_e3761.dir/CheckSymbolExists.c.o
/usr/bin/cc    -fPIC    -o CMakeFiles/cmTC_e3761.dir/CheckSymbolExists.c.o   -c /home/nvidia/1-cv-mat/build/CMakeFiles/CMakeTmp/CheckSymbolExists.c
Linking C executable cmTC_e3761
/usr/bin/cmake -E cmake_link_script CMakeFiles/cmTC_e3761.dir/link.txt --verbose=1
/usr/bin/cc  -fPIC     CMakeFiles/cmTC_e3761.dir/CheckSymbolExists.c.o  -o cmTC_e3761 -rdynamic 
CMakeFiles/cmTC_e3761.dir/CheckSymbolExists.c.o: In function `main':
CheckSymbolExists.c:(.text+0x14): undefined reference to `pthread_create'
CheckSymbolExists.c:(.text+0x18): undefined reference to `pthread_create'
collect2: error: ld returned 1 exit status
CMakeFiles/cmTC_e3761.dir/build.make:97: recipe for target 'cmTC_e3761' failed
make[1]: *** [cmTC_e3761] Error 1
make[1]: Leaving directory '/home/nvidia/1-cv-mat/build/CMakeFiles/CMakeTmp'
Makefile:126: recipe for target 'cmTC_e3761/fast' failed
make: *** [cmTC_e3761/fast] Error 2

File /home/nvidia/1-cv-mat/build/CMakeFiles/CMakeTmp/CheckSymbolExists.c:
/* */
#include <pthread.h>

int main(int argc, char** argv)
{
  (void)argv;
#ifndef pthread_create
  return ((int*)(&pthread_create))[argc];
#else
  (void)argc;
  return 0;
#endif
}

Determining if the function pthread_create exists in the pthreads failed with the following output:
Change Dir: /home/nvidia/1-cv-mat/build/CMakeFiles/CMakeTmp

Run Build Command:"/usr/bin/make" "cmTC_1d157/fast"
/usr/bin/make -f CMakeFiles/cmTC_1d157.dir/build.make CMakeFiles/cmTC_1d157.dir/build
make[1]: Entering directory '/home/nvidia/1-cv-mat/build/CMakeFiles/CMakeTmp'
Building C object CMakeFiles/cmTC_1d157.dir/CheckFunctionExists.c.o
/usr/bin/cc    -fPIC -DCHECK_FUNCTION_EXISTS=pthread_create   -o CMakeFiles/cmTC_1d157.dir/CheckFunctionExists.c.o   -c /usr/share/cmake-3.5/Modules/CheckFunctionExists.c
Linking C executable cmTC_1d157
/usr/bin/cmake -E cmake_link_script CMakeFiles/cmTC_1d157.dir/link.txt --verbose=1
/usr/bin/cc  -fPIC -DCHECK_FUNCTION_EXISTS=pthread_create    CMakeFiles/cmTC_1d157.dir/CheckFunctionExists.c.o  -o cmTC_1d157 -rdynamic -lpthreads 
/usr/bin/ld: cannot find -lpthreads
collect2: error: ld returned 1 exit status
CMakeFiles/cmTC_1d157.dir/build.make:97: recipe for target 'cmTC_1d157' failed
make[1]: *** [cmTC_1d157] Error 1
make[1]: Leaving directory '/home/nvidia/1-cv-mat/build/CMakeFiles/CMakeTmp'
Makefile:126: recipe for target 'cmTC_1d157/fast' failed
make: *** [cmTC_1d157/fast] Error 2


